{"/Users/burak/Documents/Projects/SeturCartSim/src/App.tsx": {"path":"/Users/burak/Documents/Projects/SeturCartSim/src/App.tsx","statementMap":{"0":{"start":{"line":27,"column":14},"end":{"line":27,"column":62}},"1":{"start":{"line":30,"column":24},"end":{"line":39,"column":4}},"2":{"start":{"line":41,"column":2},"end":{"line":43,"column":3}},"3":{"start":{"line":42,"column":4},"end":{"line":42,"column":16}},"4":{"start":{"line":44,"column":2},"end":{"line":55,"column":4}}},"fnMap":{"0":{"name":"App","decl":{"start":{"line":29,"column":24},"end":{"line":29,"column":27}},"loc":{"start":{"line":29,"column":30},"end":{"line":56,"column":1}},"line":29}},"branchMap":{"0":{"loc":{"start":{"line":41,"column":2},"end":{"line":43,"column":3}},"type":"if","locations":[{"start":{"line":41,"column":2},"end":{"line":43,"column":3}},{"start":{},"end":{}}],"line":41}},"s":{"0":0,"1":0,"2":0,"3":0,"4":0},"f":{"0":0},"b":{"0":[0,0]}}
,"/Users/burak/Documents/Projects/SeturCartSim/src/api/api.ts": {"path":"/Users/burak/Documents/Projects/SeturCartSim/src/api/api.ts","statementMap":{"0":{"start":{"line":3,"column":21},"end":{"line":3,"column":44}},"1":{"start":{"line":5,"column":19},"end":{"line":8,"column":2}},"2":{"start":{"line":10,"column":29},"end":{"line":25,"column":1}},"3":{"start":{"line":11,"column":2},"end":{"line":24,"column":3}},"4":{"start":{"line":12,"column":14},"end":{"line":12,"column":16}},"5":{"start":{"line":13,"column":4},"end":{"line":19,"column":5}},"6":{"start":{"line":14,"column":6},"end":{"line":14,"column":91}},"7":{"start":{"line":15,"column":11},"end":{"line":19,"column":5}},"8":{"start":{"line":16,"column":6},"end":{"line":16,"column":73}},"9":{"start":{"line":18,"column":6},"end":{"line":18,"column":52}},"10":{"start":{"line":20,"column":21},"end":{"line":20,"column":39}},"11":{"start":{"line":21,"column":4},"end":{"line":21,"column":25}},"12":{"start":{"line":23,"column":4},"end":{"line":23,"column":16}},"13":{"start":{"line":27,"column":31},"end":{"line":34,"column":1}},"14":{"start":{"line":28,"column":2},"end":{"line":33,"column":3}},"15":{"start":{"line":29,"column":21},"end":{"line":29,"column":58}},"16":{"start":{"line":30,"column":4},"end":{"line":30,"column":25}},"17":{"start":{"line":32,"column":4},"end":{"line":32,"column":16}},"18":{"start":{"line":36,"column":32},"end":{"line":43,"column":1}},"19":{"start":{"line":37,"column":2},"end":{"line":42,"column":3}},"20":{"start":{"line":38,"column":21},"end":{"line":38,"column":60}},"21":{"start":{"line":39,"column":4},"end":{"line":39,"column":25}},"22":{"start":{"line":41,"column":4},"end":{"line":41,"column":16}}},"fnMap":{"0":{"name":"(anonymous_0)","decl":{"start":{"line":10,"column":29},"end":{"line":10,"column":30}},"loc":{"start":{"line":10,"column":104},"end":{"line":25,"column":1}},"line":10},"1":{"name":"(anonymous_1)","decl":{"start":{"line":27,"column":31},"end":{"line":27,"column":32}},"loc":{"start":{"line":27,"column":43},"end":{"line":34,"column":1}},"line":27},"2":{"name":"(anonymous_2)","decl":{"start":{"line":36,"column":32},"end":{"line":36,"column":33}},"loc":{"start":{"line":36,"column":61},"end":{"line":43,"column":1}},"line":36}},"branchMap":{"0":{"loc":{"start":{"line":13,"column":4},"end":{"line":19,"column":5}},"type":"if","locations":[{"start":{"line":13,"column":4},"end":{"line":19,"column":5}},{"start":{"line":15,"column":11},"end":{"line":19,"column":5}}],"line":13},"1":{"loc":{"start":{"line":13,"column":8},"end":{"line":13,"column":38}},"type":"binary-expr","locations":[{"start":{"line":13,"column":8},"end":{"line":13,"column":14}},{"start":{"line":13,"column":18},"end":{"line":13,"column":38}}],"line":13},"2":{"loc":{"start":{"line":15,"column":11},"end":{"line":19,"column":5}},"type":"if","locations":[{"start":{"line":15,"column":11},"end":{"line":19,"column":5}},{"start":{"line":17,"column":11},"end":{"line":19,"column":5}}],"line":15},"3":{"loc":{"start":{"line":15,"column":15},"end":{"line":15,"column":45}},"type":"binary-expr","locations":[{"start":{"line":15,"column":15},"end":{"line":15,"column":23}},{"start":{"line":15,"column":27},"end":{"line":15,"column":45}}],"line":15}},"s":{"0":2,"1":2,"2":2,"3":0,"4":0,"5":0,"6":0,"7":0,"8":0,"9":0,"10":0,"11":0,"12":0,"13":2,"14":0,"15":0,"16":0,"17":0,"18":2,"19":0,"20":0,"21":0,"22":0},"f":{"0":0,"1":0,"2":0},"b":{"0":[0,0],"1":[0,0],"2":[0,0],"3":[0,0]},"_coverageSchema":"1a1c01bbd47fc00a2c39e90264f33305004495a9","hash":"bfe3188b3161a178acb7a74e92ea273969f17441"}
,"/Users/burak/Documents/Projects/SeturCartSim/src/components/CartItem/CartItem.styles.ts": {"path":"/Users/burak/Documents/Projects/SeturCartSim/src/components/CartItem/CartItem.styles.ts","statementMap":{"0":{"start":{"line":3,"column":15},"end":{"line":44,"column":2}}},"fnMap":{},"branchMap":{},"s":{"0":2},"f":{},"b":{},"_coverageSchema":"1a1c01bbd47fc00a2c39e90264f33305004495a9","hash":"3ff741f0abf94ddca631dae0c7e87e43038e2477"}
,"/Users/burak/Documents/Projects/SeturCartSim/src/components/CartItem/CartItem.tsx": {"path":"/Users/burak/Documents/Projects/SeturCartSim/src/components/CartItem/CartItem.tsx","statementMap":{"0":{"start":{"line":18,"column":42},"end":{"line":50,"column":1}},"1":{"start":{"line":19,"column":20},"end":{"line":19,"column":30}},"2":{"start":{"line":20,"column":42},"end":{"line":20,"column":56}},"3":{"start":{"line":21,"column":2},"end":{"line":49,"column":4}},"4":{"start":{"line":23,"column":56},"end":{"line":23,"column":85}},"5":{"start":{"line":28,"column":25},"end":{"line":28,"column":47}},"6":{"start":{"line":35,"column":70},"end":{"line":35,"column":103}},"7":{"start":{"line":39,"column":70},"end":{"line":39,"column":93}},"8":{"start":{"line":42,"column":95},"end":{"line":42,"column":126}}},"fnMap":{"0":{"name":"(anonymous_0)","decl":{"start":{"line":18,"column":42},"end":{"line":18,"column":43}},"loc":{"start":{"line":18,"column":127},"end":{"line":50,"column":1}},"line":18},"1":{"name":"(anonymous_1)","decl":{"start":{"line":23,"column":50},"end":{"line":23,"column":51}},"loc":{"start":{"line":23,"column":56},"end":{"line":23,"column":85}},"line":23},"2":{"name":"(anonymous_2)","decl":{"start":{"line":28,"column":19},"end":{"line":28,"column":20}},"loc":{"start":{"line":28,"column":25},"end":{"line":28,"column":47}},"line":28},"3":{"name":"(anonymous_3)","decl":{"start":{"line":35,"column":64},"end":{"line":35,"column":65}},"loc":{"start":{"line":35,"column":70},"end":{"line":35,"column":103}},"line":35},"4":{"name":"(anonymous_4)","decl":{"start":{"line":39,"column":64},"end":{"line":39,"column":65}},"loc":{"start":{"line":39,"column":70},"end":{"line":39,"column":93}},"line":39},"5":{"name":"(anonymous_5)","decl":{"start":{"line":42,"column":89},"end":{"line":42,"column":90}},"loc":{"start":{"line":42,"column":95},"end":{"line":42,"column":126}},"line":42}},"branchMap":{"0":{"loc":{"start":{"line":24,"column":7},"end":{"line":24,"column":112}},"type":"binary-expr","locations":[{"start":{"line":24,"column":7},"end":{"line":24,"column":19}},{"start":{"line":24,"column":23},"end":{"line":24,"column":112}}],"line":24}},"s":{"0":2,"1":12,"2":12,"3":12,"4":1,"5":0,"6":1,"7":1,"8":1},"f":{"0":12,"1":1,"2":0,"3":1,"4":1,"5":1},"b":{"0":[12,12]},"_coverageSchema":"1a1c01bbd47fc00a2c39e90264f33305004495a9","hash":"839c9926ebce8b8baef3b95ad23f7dafa444b248"}
,"/Users/burak/Documents/Projects/SeturCartSim/src/components/LottieView/LottieViewAnimation.styles.ts": {"path":"/Users/burak/Documents/Projects/SeturCartSim/src/components/LottieView/LottieViewAnimation.styles.ts","statementMap":{"0":{"start":{"line":4,"column":15},"end":{"line":16,"column":2}}},"fnMap":{},"branchMap":{},"s":{"0":0},"f":{},"b":{}}
,"/Users/burak/Documents/Projects/SeturCartSim/src/components/LottieView/LottieViewAnimation.tsx": {"path":"/Users/burak/Documents/Projects/SeturCartSim/src/components/LottieView/LottieViewAnimation.tsx","statementMap":{"0":{"start":{"line":14,"column":28},"end":{"line":35,"column":1}},"1":{"start":{"line":15,"column":23},"end":{"line":15,"column":47}},"2":{"start":{"line":16,"column":2},"end":{"line":20,"column":16}},"3":{"start":{"line":17,"column":4},"end":{"line":19,"column":5}},"4":{"start":{"line":18,"column":6},"end":{"line":18,"column":35}},"5":{"start":{"line":21,"column":2},"end":{"line":21,"column":28}},"6":{"start":{"line":21,"column":16},"end":{"line":21,"column":28}},"7":{"start":{"line":22,"column":2},"end":{"line":34,"column":4}},"8":{"start":{"line":37,"column":27},"end":{"line":46,"column":1}},"9":{"start":{"line":38,"column":2},"end":{"line":45,"column":3}},"10":{"start":{"line":40,"column":6},"end":{"line":40,"column":69}},"11":{"start":{"line":42,"column":6},"end":{"line":42,"column":69}},"12":{"start":{"line":44,"column":6},"end":{"line":44,"column":64}},"13":{"start":{"line":48,"column":15},"end":{"line":64,"column":2}}},"fnMap":{"0":{"name":"(anonymous_0)","decl":{"start":{"line":14,"column":28},"end":{"line":14,"column":29}},"loc":{"start":{"line":14,"column":95},"end":{"line":35,"column":1}},"line":14},"1":{"name":"(anonymous_1)","decl":{"start":{"line":16,"column":12},"end":{"line":16,"column":13}},"loc":{"start":{"line":16,"column":18},"end":{"line":20,"column":3}},"line":16},"2":{"name":"(anonymous_2)","decl":{"start":{"line":37,"column":27},"end":{"line":37,"column":28}},"loc":{"start":{"line":37,"column":52},"end":{"line":46,"column":1}},"line":37}},"branchMap":{"0":{"loc":{"start":{"line":14,"column":71},"end":{"line":14,"column":81}},"type":"default-arg","locations":[{"start":{"line":14,"column":78},"end":{"line":14,"column":81}}],"line":14},"1":{"loc":{"start":{"line":17,"column":4},"end":{"line":19,"column":5}},"type":"if","locations":[{"start":{"line":17,"column":4},"end":{"line":19,"column":5}},{"start":{},"end":{}}],"line":17},"2":{"loc":{"start":{"line":21,"column":2},"end":{"line":21,"column":28}},"type":"if","locations":[{"start":{"line":21,"column":2},"end":{"line":21,"column":28}},{"start":{},"end":{}}],"line":21},"3":{"loc":{"start":{"line":38,"column":2},"end":{"line":45,"column":3}},"type":"switch","locations":[{"start":{"line":39,"column":4},"end":{"line":40,"column":69}},{"start":{"line":41,"column":4},"end":{"line":42,"column":69}},{"start":{"line":43,"column":4},"end":{"line":44,"column":64}}],"line":38}},"s":{"0":2,"1":12,"2":12,"3":8,"4":2,"5":12,"6":10,"7":2,"8":2,"9":2,"10":1,"11":1,"12":0,"13":2},"f":{"0":12,"1":8,"2":2},"b":{"0":[2],"1":[2,6],"2":[10,2],"3":[1,1,0]},"_coverageSchema":"1a1c01bbd47fc00a2c39e90264f33305004495a9","hash":"0f604dff9200bcc43db2f4d756cdad0a60433648"}
,"/Users/burak/Documents/Projects/SeturCartSim/src/components/ProductCard/ProductCard.styles.ts": {"path":"/Users/burak/Documents/Projects/SeturCartSim/src/components/ProductCard/ProductCard.styles.ts","statementMap":{"0":{"start":{"line":3,"column":15},"end":{"line":58,"column":2}}},"fnMap":{},"branchMap":{},"s":{"0":2},"f":{},"b":{},"_coverageSchema":"1a1c01bbd47fc00a2c39e90264f33305004495a9","hash":"f0ef361fe9795984f07f726ba6941de3c4c8e292"}
,"/Users/burak/Documents/Projects/SeturCartSim/src/components/ProductCard/ProductCard.tsx": {"path":"/Users/burak/Documents/Projects/SeturCartSim/src/components/ProductCard/ProductCard.tsx","statementMap":{"0":{"start":{"line":17,"column":48},"end":{"line":41,"column":1}},"1":{"start":{"line":18,"column":20},"end":{"line":18,"column":30}},"2":{"start":{"line":19,"column":41},"end":{"line":19,"column":59}},"3":{"start":{"line":20,"column":42},"end":{"line":20,"column":56}},"4":{"start":{"line":21,"column":2},"end":{"line":40,"column":4}},"5":{"start":{"line":25,"column":81},"end":{"line":25,"column":103}},"6":{"start":{"line":26,"column":66},"end":{"line":26,"column":84}}},"fnMap":{"0":{"name":"(anonymous_0)","decl":{"start":{"line":17,"column":48},"end":{"line":17,"column":49}},"loc":{"start":{"line":17,"column":107},"end":{"line":41,"column":1}},"line":17},"1":{"name":"(anonymous_1)","decl":{"start":{"line":25,"column":75},"end":{"line":25,"column":76}},"loc":{"start":{"line":25,"column":81},"end":{"line":25,"column":103}},"line":25},"2":{"name":"(anonymous_2)","decl":{"start":{"line":26,"column":60},"end":{"line":26,"column":61}},"loc":{"start":{"line":26,"column":66},"end":{"line":26,"column":84}},"line":26}},"branchMap":{"0":{"loc":{"start":{"line":24,"column":9},"end":{"line":24,"column":114}},"type":"binary-expr","locations":[{"start":{"line":24,"column":9},"end":{"line":24,"column":21}},{"start":{"line":24,"column":25},"end":{"line":24,"column":114}}],"line":24},"1":{"loc":{"start":{"line":27,"column":49},"end":{"line":27,"column":91}},"type":"cond-expr","locations":[{"start":{"line":27,"column":66},"end":{"line":27,"column":73}},{"start":{"line":27,"column":76},"end":{"line":27,"column":91}}],"line":27}},"s":{"0":2,"1":16,"2":16,"3":16,"4":16,"5":0,"6":1},"f":{"0":16,"1":0,"2":1},"b":{"0":[16,16],"1":[1,15]},"_coverageSchema":"1a1c01bbd47fc00a2c39e90264f33305004495a9","hash":"5495db8e5f8a3d6488110bae49945c1262e9e194"}
,"/Users/burak/Documents/Projects/SeturCartSim/src/components/ProductNotFound/ProductNotFound.styles.ts": {"path":"/Users/burak/Documents/Projects/SeturCartSim/src/components/ProductNotFound/ProductNotFound.styles.ts","statementMap":{"0":{"start":{"line":3,"column":15},"end":{"line":31,"column":2}}},"fnMap":{},"branchMap":{},"s":{"0":2},"f":{},"b":{},"_coverageSchema":"1a1c01bbd47fc00a2c39e90264f33305004495a9","hash":"979e415175b40c107014f1de1c3b9b0dbd039c45"}
,"/Users/burak/Documents/Projects/SeturCartSim/src/components/ProductNotFound/ProductNotFound.tsx": {"path":"/Users/burak/Documents/Projects/SeturCartSim/src/components/ProductNotFound/ProductNotFound.tsx","statementMap":{"0":{"start":{"line":10,"column":24},"end":{"line":25,"column":1}},"1":{"start":{"line":11,"column":20},"end":{"line":11,"column":30}},"2":{"start":{"line":13,"column":2},"end":{"line":24,"column":4}}},"fnMap":{"0":{"name":"(anonymous_0)","decl":{"start":{"line":10,"column":24},"end":{"line":10,"column":25}},"loc":{"start":{"line":10,"column":52},"end":{"line":25,"column":1}},"line":10}},"branchMap":{},"s":{"0":2,"1":3,"2":3},"f":{"0":3},"b":{},"_coverageSchema":"1a1c01bbd47fc00a2c39e90264f33305004495a9","hash":"441234902c16ff40661e660261063b350a46fabd"}
,"/Users/burak/Documents/Projects/SeturCartSim/src/components/SearchInput/SearchInput.styles.ts": {"path":"/Users/burak/Documents/Projects/SeturCartSim/src/components/SearchInput/SearchInput.styles.ts","statementMap":{"0":{"start":{"line":3,"column":15},"end":{"line":21,"column":2}}},"fnMap":{},"branchMap":{},"s":{"0":2},"f":{},"b":{},"_coverageSchema":"1a1c01bbd47fc00a2c39e90264f33305004495a9","hash":"e9e8505c98f6a87882916c11c44dc68ed6a4d608"}
,"/Users/burak/Documents/Projects/SeturCartSim/src/components/SearchInput/SearchInput.tsx": {"path":"/Users/burak/Documents/Projects/SeturCartSim/src/components/SearchInput/SearchInput.tsx","statementMap":{"0":{"start":{"line":13,"column":20},"end":{"line":13,"column":30}},"1":{"start":{"line":14,"column":2},"end":{"line":25,"column":4}}},"fnMap":{"0":{"name":"SearchInput","decl":{"start":{"line":12,"column":24},"end":{"line":12,"column":35}},"loc":{"start":{"line":12,"column":99},"end":{"line":26,"column":1}},"line":12}},"branchMap":{"0":{"loc":{"start":{"line":12,"column":38},"end":{"line":12,"column":63}},"type":"default-arg","locations":[{"start":{"line":12,"column":52},"end":{"line":12,"column":63}}],"line":12}},"s":{"0":19,"1":19},"f":{"0":19},"b":{"0":[2]},"_coverageSchema":"1a1c01bbd47fc00a2c39e90264f33305004495a9","hash":"80cdbd5a2c150b1bc28ef32348d37f74ebd4f61a"}
,"/Users/burak/Documents/Projects/SeturCartSim/src/data/category.ts": {"path":"/Users/burak/Documents/Projects/SeturCartSim/src/data/category.ts","statementMap":{"0":{"start":{"line":2,"column":59},"end":{"line":28,"column":1}},"1":{"start":{"line":30,"column":52},"end":{"line":55,"column":1}}},"fnMap":{},"branchMap":{},"s":{"0":2,"1":2},"f":{},"b":{},"_coverageSchema":"1a1c01bbd47fc00a2c39e90264f33305004495a9","hash":"f0e0cc0de01b6f045fb5f51332f9a15df01f0f55"}
,"/Users/burak/Documents/Projects/SeturCartSim/src/screens/CartScreen/CartScreen.styles.ts": {"path":"/Users/burak/Documents/Projects/SeturCartSim/src/screens/CartScreen/CartScreen.styles.ts","statementMap":{"0":{"start":{"line":3,"column":22},"end":{"line":119,"column":2}}},"fnMap":{},"branchMap":{"0":{"loc":{"start":{"line":9,"column":15},"end":{"line":9,"column":46}},"type":"cond-expr","locations":[{"start":{"line":9,"column":39},"end":{"line":9,"column":41}},{"start":{"line":9,"column":44},"end":{"line":9,"column":46}}],"line":9}},"s":{"0":1},"f":{},"b":{"0":[1,0]},"_coverageSchema":"1a1c01bbd47fc00a2c39e90264f33305004495a9","hash":"49cb1c03583656803fdb543da6ae07a9505d0472"}
,"/Users/burak/Documents/Projects/SeturCartSim/src/screens/CartScreen/CartScreen.tsx": {"path":"/Users/burak/Documents/Projects/SeturCartSim/src/screens/CartScreen/CartScreen.tsx","statementMap":{"0":{"start":{"line":13,"column":45},"end":{"line":162,"column":1}},"1":{"start":{"line":14,"column":21},"end":{"line":14,"column":36}},"2":{"start":{"line":15,"column":20},"end":{"line":15,"column":30}},"3":{"start":{"line":16,"column":75},"end":{"line":16,"column":89}},"4":{"start":{"line":17,"column":40},"end":{"line":17,"column":62}},"5":{"start":{"line":18,"column":48},"end":{"line":18,"column":63}},"6":{"start":{"line":20,"column":23},"end":{"line":22,"column":3}},"7":{"start":{"line":21,"column":4},"end":{"line":21,"column":97}},"8":{"start":{"line":21,"column":30},"end":{"line":21,"column":94}},"9":{"start":{"line":21,"column":69},"end":{"line":21,"column":77}},"10":{"start":{"line":24,"column":26},"end":{"line":30,"column":3}},"11":{"start":{"line":25,"column":4},"end":{"line":29,"column":5}},"12":{"start":{"line":26,"column":6},"end":{"line":26,"column":25}},"13":{"start":{"line":28,"column":6},"end":{"line":28,"column":58}},"14":{"start":{"line":28,"column":40},"end":{"line":28,"column":55}},"15":{"start":{"line":32,"column":21},"end":{"line":32,"column":92}},"16":{"start":{"line":32,"column":48},"end":{"line":32,"column":88}},"17":{"start":{"line":33,"column":21},"end":{"line":43,"column":3}},"18":{"start":{"line":34,"column":4},"end":{"line":34,"column":16}},"19":{"start":{"line":35,"column":4},"end":{"line":41,"column":7}},"20":{"start":{"line":42,"column":4},"end":{"line":42,"column":29}},"21":{"start":{"line":45,"column":24},"end":{"line":65,"column":3}},"22":{"start":{"line":46,"column":4},"end":{"line":64,"column":6}},"23":{"start":{"line":55,"column":12},"end":{"line":59,"column":13}},"24":{"start":{"line":56,"column":14},"end":{"line":56,"column":54}},"25":{"start":{"line":56,"column":34},"end":{"line":56,"column":52}},"26":{"start":{"line":58,"column":14},"end":{"line":58,"column":34}},"27":{"start":{"line":67,"column":2},"end":{"line":161,"column":4}},"28":{"start":{"line":73,"column":95},"end":{"line":73,"column":114}},"29":{"start":{"line":83,"column":45},"end":{"line":83,"column":95}},"30":{"start":{"line":93,"column":45},"end":{"line":93,"column":90}},"31":{"start":{"line":105,"column":34},"end":{"line":105,"column":60}},"32":{"start":{"line":116,"column":72},"end":{"line":116,"column":98}},"33":{"start":{"line":128,"column":31},"end":{"line":128,"column":68}},"34":{"start":{"line":129,"column":12},"end":{"line":138,"column":14}},"35":{"start":{"line":157,"column":24},"end":{"line":157,"column":49}}},"fnMap":{"0":{"name":"(anonymous_0)","decl":{"start":{"line":13,"column":45},"end":{"line":13,"column":46}},"loc":{"start":{"line":13,"column":51},"end":{"line":162,"column":1}},"line":13},"1":{"name":"(anonymous_1)","decl":{"start":{"line":20,"column":23},"end":{"line":20,"column":24}},"loc":{"start":{"line":20,"column":39},"end":{"line":22,"column":3}},"line":20},"2":{"name":"(anonymous_2)","decl":{"start":{"line":21,"column":19},"end":{"line":21,"column":20}},"loc":{"start":{"line":21,"column":30},"end":{"line":21,"column":94}},"line":21},"3":{"name":"(anonymous_3)","decl":{"start":{"line":21,"column":62},"end":{"line":21,"column":63}},"loc":{"start":{"line":21,"column":69},"end":{"line":21,"column":77}},"line":21},"4":{"name":"(anonymous_4)","decl":{"start":{"line":24,"column":26},"end":{"line":24,"column":27}},"loc":{"start":{"line":24,"column":32},"end":{"line":30,"column":3}},"line":24},"5":{"name":"(anonymous_5)","decl":{"start":{"line":28,"column":30},"end":{"line":28,"column":31}},"loc":{"start":{"line":28,"column":40},"end":{"line":28,"column":55}},"line":28},"6":{"name":"(anonymous_6)","decl":{"start":{"line":32,"column":33},"end":{"line":32,"column":34}},"loc":{"start":{"line":32,"column":48},"end":{"line":32,"column":88}},"line":32},"7":{"name":"(anonymous_7)","decl":{"start":{"line":33,"column":21},"end":{"line":33,"column":22}},"loc":{"start":{"line":33,"column":27},"end":{"line":43,"column":3}},"line":33},"8":{"name":"(anonymous_8)","decl":{"start":{"line":45,"column":24},"end":{"line":45,"column":25}},"loc":{"start":{"line":45,"column":52},"end":{"line":65,"column":3}},"line":45},"9":{"name":"(anonymous_9)","decl":{"start":{"line":54,"column":19},"end":{"line":54,"column":20}},"loc":{"start":{"line":54,"column":25},"end":{"line":60,"column":11}},"line":54},"10":{"name":"(anonymous_10)","decl":{"start":{"line":56,"column":26},"end":{"line":56,"column":27}},"loc":{"start":{"line":56,"column":34},"end":{"line":56,"column":52}},"line":56},"11":{"name":"(anonymous_11)","decl":{"start":{"line":73,"column":89},"end":{"line":73,"column":90}},"loc":{"start":{"line":73,"column":95},"end":{"line":73,"column":114}},"line":73},"12":{"name":"(anonymous_12)","decl":{"start":{"line":83,"column":39},"end":{"line":83,"column":40}},"loc":{"start":{"line":83,"column":45},"end":{"line":83,"column":95}},"line":83},"13":{"name":"(anonymous_13)","decl":{"start":{"line":93,"column":39},"end":{"line":93,"column":40}},"loc":{"start":{"line":93,"column":45},"end":{"line":93,"column":90}},"line":93},"14":{"name":"(anonymous_14)","decl":{"start":{"line":105,"column":24},"end":{"line":105,"column":25}},"loc":{"start":{"line":105,"column":34},"end":{"line":105,"column":60}},"line":105},"15":{"name":"(anonymous_15)","decl":{"start":{"line":116,"column":66},"end":{"line":116,"column":67}},"loc":{"start":{"line":116,"column":72},"end":{"line":116,"column":98}},"line":116},"16":{"name":"(anonymous_16)","decl":{"start":{"line":127,"column":22},"end":{"line":127,"column":23}},"loc":{"start":{"line":127,"column":36},"end":{"line":139,"column":11}},"line":127},"17":{"name":"(anonymous_17)","decl":{"start":{"line":157,"column":18},"end":{"line":157,"column":19}},"loc":{"start":{"line":157,"column":24},"end":{"line":157,"column":49}},"line":157}},"branchMap":{"0":{"loc":{"start":{"line":21,"column":30},"end":{"line":21,"column":94}},"type":"cond-expr","locations":[{"start":{"line":21,"column":50},"end":{"line":21,"column":78}},{"start":{"line":21,"column":81},"end":{"line":21,"column":94}}],"line":21},"1":{"loc":{"start":{"line":25,"column":4},"end":{"line":29,"column":5}},"type":"if","locations":[{"start":{"line":25,"column":4},"end":{"line":29,"column":5}},{"start":{"line":27,"column":11},"end":{"line":29,"column":5}}],"line":25},"2":{"loc":{"start":{"line":55,"column":12},"end":{"line":59,"column":13}},"type":"if","locations":[{"start":{"line":55,"column":12},"end":{"line":59,"column":13}},{"start":{"line":57,"column":19},"end":{"line":59,"column":13}}],"line":55},"3":{"loc":{"start":{"line":71,"column":11},"end":{"line":75,"column":11}},"type":"binary-expr","locations":[{"start":{"line":71,"column":11},"end":{"line":71,"column":32}},{"start":{"line":72,"column":12},"end":{"line":74,"column":19}}],"line":71},"4":{"loc":{"start":{"line":108,"column":15},"end":{"line":113,"column":15}},"type":"binary-expr","locations":[{"start":{"line":108,"column":15},"end":{"line":108,"column":30}},{"start":{"line":109,"column":16},"end":{"line":112,"column":35}}],"line":108},"5":{"loc":{"start":{"line":115,"column":15},"end":{"line":119,"column":15}},"type":"binary-expr","locations":[{"start":{"line":115,"column":15},"end":{"line":115,"column":37}},{"start":{"line":116,"column":16},"end":{"line":118,"column":35}}],"line":115}},"s":{"0":1,"1":10,"2":10,"3":10,"4":10,"5":10,"6":10,"7":0,"8":0,"9":0,"10":10,"11":3,"12":1,"13":2,"14":2,"15":10,"16":7,"17":10,"18":1,"19":1,"20":1,"21":10,"22":1,"23":1,"24":1,"25":1,"26":0,"27":10,"28":0,"29":0,"30":0,"31":11,"32":1,"33":7,"34":7,"35":0},"f":{"0":10,"1":0,"2":0,"3":0,"4":3,"5":2,"6":7,"7":1,"8":1,"9":1,"10":1,"11":0,"12":0,"13":0,"14":11,"15":1,"16":7,"17":0},"b":{"0":[0,0],"1":[1,2],"2":[1,0],"3":[10,10],"4":[10,7],"5":[10,3]},"_coverageSchema":"1a1c01bbd47fc00a2c39e90264f33305004495a9","hash":"e92ce1cb3ed6a509e6f61e58f6a246f44dee5de8"}
,"/Users/burak/Documents/Projects/SeturCartSim/src/screens/ProductDetailScreen/ProductDetailScreen.styles.ts": {"path":"/Users/burak/Documents/Projects/SeturCartSim/src/screens/ProductDetailScreen/ProductDetailScreen.styles.ts","statementMap":{"0":{"start":{"line":3,"column":20},"end":{"line":3,"column":50}},"1":{"start":{"line":5,"column":15},"end":{"line":162,"column":2}}},"fnMap":{},"branchMap":{},"s":{"0":1,"1":1},"f":{},"b":{},"_coverageSchema":"1a1c01bbd47fc00a2c39e90264f33305004495a9","hash":"1afeb78d814ddba013979929599b8388cd862c63"}
,"/Users/burak/Documents/Projects/SeturCartSim/src/screens/ProductDetailScreen/ProductDetailScreen.tsx": {"path":"/Users/burak/Documents/Projects/SeturCartSim/src/screens/ProductDetailScreen/ProductDetailScreen.tsx","statementMap":{"0":{"start":{"line":29,"column":20},"end":{"line":29,"column":50}},"1":{"start":{"line":33,"column":64},"end":{"line":201,"column":1}},"2":{"start":{"line":34,"column":20},"end":{"line":34,"column":30}},"3":{"start":{"line":35,"column":24},"end":{"line":35,"column":38}},"4":{"start":{"line":36,"column":41},"end":{"line":36,"column":59}},"5":{"start":{"line":37,"column":21},"end":{"line":37,"column":36}},"6":{"start":{"line":38,"column":24},"end":{"line":38,"column":36}},"7":{"start":{"line":39,"column":32},"end":{"line":39,"column":62}},"8":{"start":{"line":40,"column":32},"end":{"line":40,"column":46}},"9":{"start":{"line":41,"column":42},"end":{"line":41,"column":56}},"10":{"start":{"line":42,"column":42},"end":{"line":42,"column":53}},"11":{"start":{"line":43,"column":22},"end":{"line":43,"column":52}},"12":{"start":{"line":45,"column":18},"end":{"line":53,"column":3}},"13":{"start":{"line":46,"column":4},"end":{"line":52,"column":5}},"14":{"start":{"line":47,"column":6},"end":{"line":49,"column":9}},"15":{"start":{"line":51,"column":6},"end":{"line":51,"column":47}},"16":{"start":{"line":55,"column":23},"end":{"line":63,"column":3}},"17":{"start":{"line":56,"column":4},"end":{"line":61,"column":5}},"18":{"start":{"line":57,"column":18},"end":{"line":57,"column":51}},"19":{"start":{"line":58,"column":6},"end":{"line":58,"column":22}},"20":{"start":{"line":60,"column":6},"end":{"line":60,"column":23}},"21":{"start":{"line":62,"column":4},"end":{"line":62,"column":22}},"22":{"start":{"line":65,"column":2},"end":{"line":67,"column":18}},"23":{"start":{"line":66,"column":4},"end":{"line":66,"column":19}},"24":{"start":{"line":69,"column":19},"end":{"line":72,"column":3}},"25":{"start":{"line":70,"column":18},"end":{"line":70,"column":77}},"26":{"start":{"line":71,"column":4},"end":{"line":71,"column":27}},"27":{"start":{"line":74,"column":27},"end":{"line":84,"column":3}},"28":{"start":{"line":75,"column":4},"end":{"line":83,"column":5}},"29":{"start":{"line":76,"column":6},"end":{"line":76,"column":25}},"30":{"start":{"line":77,"column":6},"end":{"line":82,"column":9}},"31":{"start":{"line":86,"column":2},"end":{"line":92,"column":3}},"32":{"start":{"line":87,"column":4},"end":{"line":91,"column":6}},"33":{"start":{"line":94,"column":2},"end":{"line":100,"column":3}},"34":{"start":{"line":95,"column":4},"end":{"line":99,"column":6}},"35":{"start":{"line":97,"column":44},"end":{"line":97,"column":63}},"36":{"start":{"line":102,"column":2},"end":{"line":200,"column":4}},"37":{"start":{"line":106,"column":129},"end":{"line":106,"column":148}},"38":{"start":{"line":113,"column":108},"end":{"line":113,"column":134}},"39":{"start":{"line":133,"column":38},"end":{"line":133,"column":54}},"40":{"start":{"line":139,"column":36},"end":{"line":139,"column":130}},"41":{"start":{"line":139,"column":104},"end":{"line":139,"column":126}},"42":{"start":{"line":144,"column":12},"end":{"line":144,"column":121}}},"fnMap":{"0":{"name":"(anonymous_0)","decl":{"start":{"line":33,"column":64},"end":{"line":33,"column":65}},"loc":{"start":{"line":33,"column":79},"end":{"line":201,"column":1}},"line":33},"1":{"name":"(anonymous_1)","decl":{"start":{"line":45,"column":18},"end":{"line":45,"column":19}},"loc":{"start":{"line":45,"column":30},"end":{"line":53,"column":3}},"line":45},"2":{"name":"(anonymous_2)","decl":{"start":{"line":55,"column":23},"end":{"line":55,"column":24}},"loc":{"start":{"line":55,"column":35},"end":{"line":63,"column":3}},"line":55},"3":{"name":"(anonymous_3)","decl":{"start":{"line":65,"column":12},"end":{"line":65,"column":13}},"loc":{"start":{"line":65,"column":18},"end":{"line":67,"column":3}},"line":65},"4":{"name":"(anonymous_4)","decl":{"start":{"line":69,"column":19},"end":{"line":69,"column":20}},"loc":{"start":{"line":69,"column":71},"end":{"line":72,"column":3}},"line":69},"5":{"name":"(anonymous_5)","decl":{"start":{"line":74,"column":27},"end":{"line":74,"column":28}},"loc":{"start":{"line":74,"column":33},"end":{"line":84,"column":3}},"line":74},"6":{"name":"(anonymous_6)","decl":{"start":{"line":97,"column":38},"end":{"line":97,"column":39}},"loc":{"start":{"line":97,"column":44},"end":{"line":97,"column":63}},"line":97},"7":{"name":"(anonymous_7)","decl":{"start":{"line":106,"column":123},"end":{"line":106,"column":124}},"loc":{"start":{"line":106,"column":129},"end":{"line":106,"column":148}},"line":106},"8":{"name":"(anonymous_8)","decl":{"start":{"line":113,"column":102},"end":{"line":113,"column":103}},"loc":{"start":{"line":113,"column":108},"end":{"line":113,"column":134}},"line":113},"9":{"name":"(anonymous_9)","decl":{"start":{"line":133,"column":24},"end":{"line":133,"column":25}},"loc":{"start":{"line":133,"column":38},"end":{"line":133,"column":54}},"line":133},"10":{"name":"(anonymous_10)","decl":{"start":{"line":139,"column":22},"end":{"line":139,"column":23}},"loc":{"start":{"line":139,"column":36},"end":{"line":139,"column":130}},"line":139},"11":{"name":"(anonymous_11)","decl":{"start":{"line":139,"column":98},"end":{"line":139,"column":99}},"loc":{"start":{"line":139,"column":104},"end":{"line":139,"column":126}},"line":139},"12":{"name":"(anonymous_12)","decl":{"start":{"line":143,"column":30},"end":{"line":143,"column":31}},"loc":{"start":{"line":144,"column":12},"end":{"line":144,"column":121}},"line":144}},"branchMap":{"0":{"loc":{"start":{"line":75,"column":4},"end":{"line":83,"column":5}},"type":"if","locations":[{"start":{"line":75,"column":4},"end":{"line":83,"column":5}},{"start":{},"end":{}}],"line":75},"1":{"loc":{"start":{"line":86,"column":2},"end":{"line":92,"column":3}},"type":"if","locations":[{"start":{"line":86,"column":2},"end":{"line":92,"column":3}},{"start":{},"end":{}}],"line":86},"2":{"loc":{"start":{"line":94,"column":2},"end":{"line":100,"column":3}},"type":"if","locations":[{"start":{"line":94,"column":2},"end":{"line":100,"column":3}},{"start":{},"end":{}}],"line":94},"3":{"loc":{"start":{"line":105,"column":9},"end":{"line":111,"column":9}},"type":"cond-expr","locations":[{"start":{"line":106,"column":10},"end":{"line":108,"column":29}},{"start":{"line":110,"column":10},"end":{"line":110,"column":46}}],"line":105},"4":{"loc":{"start":{"line":114,"column":28},"end":{"line":114,"column":78}},"type":"cond-expr","locations":[{"start":{"line":114,"column":53},"end":{"line":114,"column":60}},{"start":{"line":114,"column":63},"end":{"line":114,"column":78}}],"line":114},"5":{"loc":{"start":{"line":124,"column":9},"end":{"line":128,"column":9}},"type":"binary-expr","locations":[{"start":{"line":124,"column":9},"end":{"line":124,"column":21}},{"start":{"line":125,"column":10},"end":{"line":127,"column":17}}],"line":124},"6":{"loc":{"start":{"line":144,"column":50},"end":{"line":144,"column":116}},"type":"cond-expr","locations":[{"start":{"line":144,"column":75},"end":{"line":144,"column":109}},{"start":{"line":144,"column":112},"end":{"line":144,"column":116}}],"line":144},"7":{"loc":{"start":{"line":192,"column":46},"end":{"line":192,"column":94}},"type":"cond-expr","locations":[{"start":{"line":192,"column":68},"end":{"line":192,"column":78}},{"start":{"line":192,"column":81},"end":{"line":192,"column":94}}],"line":192},"8":{"loc":{"start":{"line":196,"column":72},"end":{"line":196,"column":136}},"type":"cond-expr","locations":[{"start":{"line":196,"column":92},"end":{"line":196,"column":121}},{"start":{"line":196,"column":124},"end":{"line":196,"column":136}}],"line":196}},"s":{"0":1,"1":1,"2":12,"3":12,"4":12,"5":12,"6":12,"7":12,"8":12,"9":12,"10":12,"11":12,"12":12,"13":1,"14":1,"15":0,"16":12,"17":6,"18":6,"19":4,"20":1,"21":5,"22":12,"23":6,"24":12,"25":0,"26":0,"27":12,"28":1,"29":1,"30":1,"31":12,"32":6,"33":6,"34":1,"35":0,"36":5,"37":1,"38":0,"39":9,"40":5,"41":0,"42":5},"f":{"0":12,"1":1,"2":6,"3":6,"4":0,"5":1,"6":0,"7":1,"8":0,"9":9,"10":5,"11":0,"12":5},"b":{"0":[1,0],"1":[6,6],"2":[1,5],"3":[5,0],"4":[0,5],"5":[5,5],"6":[5,0],"7":[0,5],"8":[5,0]},"_coverageSchema":"1a1c01bbd47fc00a2c39e90264f33305004495a9","hash":"9e8a9fa06f9eb484f1b5b1a5a0a423b56745e3d1"}
,"/Users/burak/Documents/Projects/SeturCartSim/src/screens/ProductListScreen/ProductListScreen.styles.ts": {"path":"/Users/burak/Documents/Projects/SeturCartSim/src/screens/ProductListScreen/ProductListScreen.styles.ts","statementMap":{"0":{"start":{"line":3,"column":15},"end":{"line":106,"column":2}}},"fnMap":{},"branchMap":{},"s":{"0":1},"f":{},"b":{},"_coverageSchema":"1a1c01bbd47fc00a2c39e90264f33305004495a9","hash":"dd27918f8abe11f3300fc79d834959509de85d02"}
,"/Users/burak/Documents/Projects/SeturCartSim/src/screens/ProductListScreen/ProductListScreen.tsx": {"path":"/Users/burak/Documents/Projects/SeturCartSim/src/screens/ProductListScreen/ProductListScreen.tsx","statementMap":{"0":{"start":{"line":16,"column":14},"end":{"line":16,"column":16}},"1":{"start":{"line":18,"column":43},"end":{"line":203,"column":1}},"2":{"start":{"line":19,"column":42},"end":{"line":19,"column":56}},"3":{"start":{"line":20,"column":33},"end":{"line":20,"column":43}},"4":{"start":{"line":21,"column":22},"end":{"line":21,"column":44}},"5":{"start":{"line":22,"column":34},"end":{"line":22,"column":57}},"6":{"start":{"line":23,"column":36},"end":{"line":23,"column":60}},"7":{"start":{"line":24,"column":50},"end":{"line":28,"column":4}},"8":{"start":{"line":29,"column":30},"end":{"line":29,"column":42}},"9":{"start":{"line":30,"column":26},"end":{"line":30,"column":37}},"10":{"start":{"line":31,"column":32},"end":{"line":31,"column":47}},"11":{"start":{"line":32,"column":32},"end":{"line":32,"column":46}},"12":{"start":{"line":34,"column":22},"end":{"line":53,"column":3}},"13":{"start":{"line":35,"column":4},"end":{"line":35,"column":43}},"14":{"start":{"line":35,"column":36},"end":{"line":35,"column":43}},"15":{"start":{"line":36,"column":4},"end":{"line":36,"column":21}},"16":{"start":{"line":37,"column":4},"end":{"line":51,"column":5}},"17":{"start":{"line":38,"column":19},"end":{"line":38,"column":83}},"18":{"start":{"line":39,"column":6},"end":{"line":39,"column":95}},"19":{"start":{"line":39,"column":29},"end":{"line":39,"column":92}},"20":{"start":{"line":40,"column":6},"end":{"line":40,"column":38}},"21":{"start":{"line":40,"column":24},"end":{"line":40,"column":36}},"22":{"start":{"line":41,"column":6},"end":{"line":41,"column":49}},"23":{"start":{"line":41,"column":31},"end":{"line":41,"column":49}},"24":{"start":{"line":43,"column":6},"end":{"line":49,"column":9}},"25":{"start":{"line":50,"column":6},"end":{"line":50,"column":13}},"26":{"start":{"line":52,"column":4},"end":{"line":52,"column":22}},"27":{"start":{"line":55,"column":24},"end":{"line":70,"column":3}},"28":{"start":{"line":56,"column":4},"end":{"line":56,"column":21}},"29":{"start":{"line":57,"column":4},"end":{"line":68,"column":5}},"30":{"start":{"line":58,"column":19},"end":{"line":58,"column":42}},"31":{"start":{"line":59,"column":6},"end":{"line":59,"column":70}},"32":{"start":{"line":61,"column":6},"end":{"line":67,"column":9}},"33":{"start":{"line":69,"column":4},"end":{"line":69,"column":22}},"34":{"start":{"line":72,"column":22},"end":{"line":74,"column":3}},"35":{"start":{"line":73,"column":4},"end":{"line":73,"column":71}},"36":{"start":{"line":75,"column":27},"end":{"line":85,"column":3}},"37":{"start":{"line":76,"column":4},"end":{"line":84,"column":5}},"38":{"start":{"line":77,"column":6},"end":{"line":77,"column":25}},"39":{"start":{"line":78,"column":6},"end":{"line":83,"column":9}},"40":{"start":{"line":86,"column":2},"end":{"line":89,"column":9}},"41":{"start":{"line":87,"column":4},"end":{"line":87,"column":20}},"42":{"start":{"line":88,"column":4},"end":{"line":88,"column":25}},"43":{"start":{"line":91,"column":2},"end":{"line":96,"column":25}},"44":{"start":{"line":92,"column":4},"end":{"line":92,"column":15}},"45":{"start":{"line":93,"column":4},"end":{"line":93,"column":21}},"46":{"start":{"line":94,"column":4},"end":{"line":94,"column":48}},"47":{"start":{"line":95,"column":4},"end":{"line":95,"column":18}},"48":{"start":{"line":98,"column":48},"end":{"line":98,"column":64}},"49":{"start":{"line":101,"column":2},"end":{"line":108,"column":15}},"50":{"start":{"line":102,"column":20},"end":{"line":104,"column":11}},"51":{"start":{"line":103,"column":6},"end":{"line":103,"column":33}},"52":{"start":{"line":105,"column":4},"end":{"line":107,"column":6}},"53":{"start":{"line":106,"column":6},"end":{"line":106,"column":28}},"54":{"start":{"line":110,"column":2},"end":{"line":113,"column":24}},"55":{"start":{"line":111,"column":4},"end":{"line":111,"column":64}},"56":{"start":{"line":112,"column":4},"end":{"line":112,"column":46}},"57":{"start":{"line":116,"column":2},"end":{"line":202,"column":4}},"58":{"start":{"line":129,"column":25},"end":{"line":129,"column":52}},"59":{"start":{"line":152,"column":12},"end":{"line":167,"column":19}},"60":{"start":{"line":154,"column":31},"end":{"line":154,"column":56}},"61":{"start":{"line":169,"column":34},"end":{"line":169,"column":43}},"62":{"start":{"line":184,"column":10},"end":{"line":191,"column":12}},"63":{"start":{"line":189,"column":27},"end":{"line":189,"column":87}},"64":{"start":{"line":190,"column":31},"end":{"line":190,"column":53}},"65":{"start":{"line":194,"column":32},"end":{"line":194,"column":42}},"66":{"start":{"line":197,"column":28},"end":{"line":197,"column":54}}},"fnMap":{"0":{"name":"(anonymous_0)","decl":{"start":{"line":18,"column":43},"end":{"line":18,"column":44}},"loc":{"start":{"line":18,"column":63},"end":{"line":203,"column":1}},"line":18},"1":{"name":"(anonymous_1)","decl":{"start":{"line":34,"column":22},"end":{"line":34,"column":23}},"loc":{"start":{"line":34,"column":121},"end":{"line":53,"column":3}},"line":34},"2":{"name":"(anonymous_2)","decl":{"start":{"line":39,"column":18},"end":{"line":39,"column":19}},"loc":{"start":{"line":39,"column":29},"end":{"line":39,"column":92}},"line":39},"3":{"name":"(anonymous_3)","decl":{"start":{"line":40,"column":14},"end":{"line":40,"column":15}},"loc":{"start":{"line":40,"column":24},"end":{"line":40,"column":36}},"line":40},"4":{"name":"(anonymous_4)","decl":{"start":{"line":55,"column":24},"end":{"line":55,"column":25}},"loc":{"start":{"line":55,"column":36},"end":{"line":70,"column":3}},"line":55},"5":{"name":"(anonymous_5)","decl":{"start":{"line":72,"column":22},"end":{"line":72,"column":23}},"loc":{"start":{"line":72,"column":28},"end":{"line":74,"column":3}},"line":72},"6":{"name":"(anonymous_6)","decl":{"start":{"line":75,"column":27},"end":{"line":75,"column":28}},"loc":{"start":{"line":75,"column":49},"end":{"line":85,"column":3}},"line":75},"7":{"name":"(anonymous_7)","decl":{"start":{"line":86,"column":12},"end":{"line":86,"column":13}},"loc":{"start":{"line":86,"column":18},"end":{"line":89,"column":3}},"line":86},"8":{"name":"(anonymous_8)","decl":{"start":{"line":91,"column":12},"end":{"line":91,"column":13}},"loc":{"start":{"line":91,"column":18},"end":{"line":96,"column":3}},"line":91},"9":{"name":"(anonymous_9)","decl":{"start":{"line":101,"column":12},"end":{"line":101,"column":13}},"loc":{"start":{"line":101,"column":18},"end":{"line":108,"column":3}},"line":101},"10":{"name":"(anonymous_10)","decl":{"start":{"line":102,"column":31},"end":{"line":102,"column":32}},"loc":{"start":{"line":102,"column":37},"end":{"line":104,"column":5}},"line":102},"11":{"name":"(anonymous_11)","decl":{"start":{"line":105,"column":11},"end":{"line":105,"column":12}},"loc":{"start":{"line":105,"column":17},"end":{"line":107,"column":5}},"line":105},"12":{"name":"(anonymous_12)","decl":{"start":{"line":110,"column":12},"end":{"line":110,"column":13}},"loc":{"start":{"line":110,"column":18},"end":{"line":113,"column":3}},"line":110},"13":{"name":"(anonymous_13)","decl":{"start":{"line":129,"column":19},"end":{"line":129,"column":20}},"loc":{"start":{"line":129,"column":25},"end":{"line":129,"column":52}},"line":129},"14":{"name":"(anonymous_14)","decl":{"start":{"line":151,"column":22},"end":{"line":151,"column":23}},"loc":{"start":{"line":152,"column":12},"end":{"line":167,"column":19}},"line":152},"15":{"name":"(anonymous_15)","decl":{"start":{"line":154,"column":25},"end":{"line":154,"column":26}},"loc":{"start":{"line":154,"column":31},"end":{"line":154,"column":56}},"line":154},"16":{"name":"(anonymous_16)","decl":{"start":{"line":169,"column":24},"end":{"line":169,"column":25}},"loc":{"start":{"line":169,"column":34},"end":{"line":169,"column":43}},"line":169},"17":{"name":"(anonymous_17)","decl":{"start":{"line":183,"column":20},"end":{"line":183,"column":21}},"loc":{"start":{"line":184,"column":10},"end":{"line":191,"column":12}},"line":184},"18":{"name":"(anonymous_18)","decl":{"start":{"line":189,"column":21},"end":{"line":189,"column":22}},"loc":{"start":{"line":189,"column":27},"end":{"line":189,"column":87}},"line":189},"19":{"name":"(anonymous_19)","decl":{"start":{"line":190,"column":25},"end":{"line":190,"column":26}},"loc":{"start":{"line":190,"column":31},"end":{"line":190,"column":53}},"line":190},"20":{"name":"(anonymous_20)","decl":{"start":{"line":194,"column":22},"end":{"line":194,"column":23}},"loc":{"start":{"line":194,"column":32},"end":{"line":194,"column":42}},"line":194},"21":{"name":"(anonymous_21)","decl":{"start":{"line":197,"column":22},"end":{"line":197,"column":23}},"loc":{"start":{"line":197,"column":28},"end":{"line":197,"column":54}},"line":197}},"branchMap":{"0":{"loc":{"start":{"line":35,"column":4},"end":{"line":35,"column":43}},"type":"if","locations":[{"start":{"line":35,"column":4},"end":{"line":35,"column":43}},{"start":{},"end":{}}],"line":35},"1":{"loc":{"start":{"line":35,"column":8},"end":{"line":35,"column":34}},"type":"binary-expr","locations":[{"start":{"line":35,"column":8},"end":{"line":35,"column":15}},{"start":{"line":35,"column":19},"end":{"line":35,"column":34}}],"line":35},"2":{"loc":{"start":{"line":39,"column":29},"end":{"line":39,"column":92}},"type":"cond-expr","locations":[{"start":{"line":39,"column":49},"end":{"line":39,"column":62}},{"start":{"line":39,"column":65},"end":{"line":39,"column":92}}],"line":39},"3":{"loc":{"start":{"line":41,"column":6},"end":{"line":41,"column":49}},"type":"if","locations":[{"start":{"line":41,"column":6},"end":{"line":41,"column":49}},{"start":{},"end":{}}],"line":41},"4":{"loc":{"start":{"line":76,"column":4},"end":{"line":84,"column":5}},"type":"if","locations":[{"start":{"line":76,"column":4},"end":{"line":84,"column":5}},{"start":{},"end":{}}],"line":76},"5":{"loc":{"start":{"line":133,"column":11},"end":{"line":139,"column":11}},"type":"binary-expr","locations":[{"start":{"line":133,"column":11},"end":{"line":133,"column":33}},{"start":{"line":134,"column":12},"end":{"line":138,"column":19}}],"line":133},"6":{"loc":{"start":{"line":158,"column":37},"end":{"line":158,"column":103}},"type":"cond-expr","locations":[{"start":{"line":158,"column":75},"end":{"line":158,"column":88}},{"start":{"line":158,"column":91},"end":{"line":158,"column":103}}],"line":158},"7":{"loc":{"start":{"line":162,"column":75},"end":{"line":162,"column":145}},"type":"cond-expr","locations":[{"start":{"line":162,"column":113},"end":{"line":162,"column":129}},{"start":{"line":162,"column":132},"end":{"line":162,"column":145}}],"line":162},"8":{"loc":{"start":{"line":199,"column":29},"end":{"line":199,"column":80}},"type":"cond-expr","locations":[{"start":{"line":199,"column":39},"end":{"line":199,"column":73}},{"start":{"line":199,"column":76},"end":{"line":199,"column":80}}],"line":199}},"s":{"0":1,"1":1,"2":20,"3":20,"4":20,"5":20,"6":20,"7":20,"8":20,"9":20,"10":20,"11":20,"12":20,"13":20,"14":5,"15":15,"16":15,"17":15,"18":15,"19":15,"20":15,"21":15,"22":15,"23":15,"24":0,"25":0,"26":15,"27":20,"28":5,"29":5,"30":5,"31":5,"32":0,"33":5,"34":20,"35":10,"36":20,"37":0,"38":0,"39":0,"40":20,"41":5,"42":5,"43":20,"44":10,"45":10,"46":10,"47":10,"48":20,"49":20,"50":5,"51":0,"52":5,"53":5,"54":20,"55":5,"56":5,"57":20,"58":1,"59":10,"60":0,"61":15,"62":10,"63":1,"64":0,"65":20,"66":0},"f":{"0":20,"1":20,"2":15,"3":15,"4":5,"5":10,"6":0,"7":5,"8":10,"9":5,"10":0,"11":5,"12":5,"13":1,"14":10,"15":0,"16":15,"17":10,"18":1,"19":0,"20":20,"21":0},"b":{"0":[5,15],"1":[20,15],"2":[15,0],"3":[15,0],"4":[0,0],"5":[20,20],"6":[5,5],"7":[5,5],"8":[10,10]},"_coverageSchema":"1a1c01bbd47fc00a2c39e90264f33305004495a9","hash":"af892ffd4d2394fe86e805495c800cfbf3f6fc15"}
,"/Users/burak/Documents/Projects/SeturCartSim/src/store/CardStore.ts": {"path":"/Users/burak/Documents/Projects/SeturCartSim/src/store/CardStore.ts","statementMap":{"0":{"start":{"line":13,"column":28},"end":{"line":55,"column":3}},"1":{"start":{"line":13,"column":61},"end":{"line":55,"column":1}},"2":{"start":{"line":17,"column":25},"end":{"line":17,"column":35}},"3":{"start":{"line":18,"column":18},"end":{"line":18,"column":82}},"4":{"start":{"line":18,"column":51},"end":{"line":18,"column":81}},"5":{"start":{"line":20,"column":4},"end":{"line":26,"column":5}},"6":{"start":{"line":21,"column":26},"end":{"line":21,"column":43}},"7":{"start":{"line":22,"column":6},"end":{"line":22,"column":63}},"8":{"start":{"line":22,"column":30},"end":{"line":22,"column":63}},"9":{"start":{"line":23,"column":6},"end":{"line":23,"column":33}},"10":{"start":{"line":25,"column":6},"end":{"line":25,"column":81}},"11":{"start":{"line":30,"column":25},"end":{"line":30,"column":35}},"12":{"start":{"line":31,"column":18},"end":{"line":31,"column":81}},"13":{"start":{"line":31,"column":51},"end":{"line":31,"column":80}},"14":{"start":{"line":33,"column":4},"end":{"line":42,"column":5}},"15":{"start":{"line":34,"column":26},"end":{"line":34,"column":43}},"16":{"start":{"line":35,"column":6},"end":{"line":41,"column":7}},"17":{"start":{"line":36,"column":8},"end":{"line":36,"column":41}},"18":{"start":{"line":37,"column":8},"end":{"line":37,"column":35}},"19":{"start":{"line":40,"column":8},"end":{"line":40,"column":83}},"20":{"start":{"line":40,"column":49},"end":{"line":40,"column":78}},"21":{"start":{"line":45,"column":4},"end":{"line":45,"column":72}},"22":{"start":{"line":45,"column":46},"end":{"line":45,"column":67}},"23":{"start":{"line":48,"column":21},"end":{"line":48,"column":79}},"24":{"start":{"line":48,"column":49},"end":{"line":48,"column":78}},"25":{"start":{"line":49,"column":4},"end":{"line":49,"column":28}},"26":{"start":{"line":53,"column":4},"end":{"line":53,"column":22}}},"fnMap":{"0":{"name":"(anonymous_0)","decl":{"start":{"line":13,"column":46},"end":{"line":13,"column":47}},"loc":{"start":{"line":13,"column":61},"end":{"line":55,"column":1}},"line":13},"1":{"name":"(anonymous_1)","decl":{"start":{"line":16,"column":13},"end":{"line":16,"column":14}},"loc":{"start":{"line":16,"column":35},"end":{"line":27,"column":3}},"line":16},"2":{"name":"(anonymous_2)","decl":{"start":{"line":18,"column":41},"end":{"line":18,"column":42}},"loc":{"start":{"line":18,"column":51},"end":{"line":18,"column":81}},"line":18},"3":{"name":"(anonymous_3)","decl":{"start":{"line":29,"column":20},"end":{"line":29,"column":21}},"loc":{"start":{"line":29,"column":43},"end":{"line":43,"column":3}},"line":29},"4":{"name":"(anonymous_4)","decl":{"start":{"line":31,"column":41},"end":{"line":31,"column":42}},"loc":{"start":{"line":31,"column":51},"end":{"line":31,"column":80}},"line":31},"5":{"name":"(anonymous_5)","decl":{"start":{"line":40,"column":39},"end":{"line":40,"column":40}},"loc":{"start":{"line":40,"column":49},"end":{"line":40,"column":78}},"line":40},"6":{"name":"(anonymous_6)","decl":{"start":{"line":44,"column":20},"end":{"line":44,"column":21}},"loc":{"start":{"line":44,"column":26},"end":{"line":46,"column":3}},"line":44},"7":{"name":"(anonymous_7)","decl":{"start":{"line":45,"column":29},"end":{"line":45,"column":30}},"loc":{"start":{"line":45,"column":46},"end":{"line":45,"column":67}},"line":45},"8":{"name":"(anonymous_8)","decl":{"start":{"line":47,"column":18},"end":{"line":47,"column":19}},"loc":{"start":{"line":47,"column":41},"end":{"line":50,"column":3}},"line":47},"9":{"name":"(anonymous_9)","decl":{"start":{"line":48,"column":39},"end":{"line":48,"column":40}},"loc":{"start":{"line":48,"column":49},"end":{"line":48,"column":78}},"line":48},"10":{"name":"(anonymous_10)","decl":{"start":{"line":52,"column":13},"end":{"line":52,"column":14}},"loc":{"start":{"line":52,"column":19},"end":{"line":54,"column":3}},"line":52}},"branchMap":{"0":{"loc":{"start":{"line":20,"column":4},"end":{"line":26,"column":5}},"type":"if","locations":[{"start":{"line":20,"column":4},"end":{"line":26,"column":5}},{"start":{"line":24,"column":11},"end":{"line":26,"column":5}}],"line":20},"1":{"loc":{"start":{"line":22,"column":6},"end":{"line":22,"column":63}},"type":"if","locations":[{"start":{"line":22,"column":6},"end":{"line":22,"column":63}},{"start":{},"end":{}}],"line":22},"2":{"loc":{"start":{"line":33,"column":4},"end":{"line":42,"column":5}},"type":"if","locations":[{"start":{"line":33,"column":4},"end":{"line":42,"column":5}},{"start":{},"end":{}}],"line":33},"3":{"loc":{"start":{"line":35,"column":6},"end":{"line":41,"column":7}},"type":"if","locations":[{"start":{"line":35,"column":6},"end":{"line":41,"column":7}},{"start":{"line":38,"column":13},"end":{"line":41,"column":7}}],"line":35},"4":{"loc":{"start":{"line":35,"column":10},"end":{"line":35,"column":63}},"type":"binary-expr","locations":[{"start":{"line":35,"column":10},"end":{"line":35,"column":28}},{"start":{"line":35,"column":32},"end":{"line":35,"column":63}}],"line":35}},"s":{"0":4,"1":4,"2":14,"3":14,"4":3,"5":14,"6":3,"7":3,"8":3,"9":3,"10":11,"11":2,"12":2,"13":2,"14":2,"15":2,"16":2,"17":1,"18":1,"19":1,"20":1,"21":1,"22":1,"23":2,"24":2,"25":2,"26":14},"f":{"0":4,"1":14,"2":3,"3":2,"4":2,"5":1,"6":1,"7":1,"8":2,"9":2,"10":14},"b":{"0":[3,11],"1":[3,0],"2":[2,0],"3":[1,1],"4":[2,2]},"_coverageSchema":"1a1c01bbd47fc00a2c39e90264f33305004495a9","hash":"e75246beb7ff3bb2c7b4dcc82602218df93492a8"}
,"/Users/burak/Documents/Projects/SeturCartSim/src/store/FavoriteStore.ts": {"path":"/Users/burak/Documents/Projects/SeturCartSim/src/store/FavoriteStore.ts","statementMap":{"0":{"start":{"line":10,"column":32},"end":{"line":29,"column":3}},"1":{"start":{"line":10,"column":69},"end":{"line":29,"column":1}},"2":{"start":{"line":14,"column":20},"end":{"line":14,"column":35}},"3":{"start":{"line":15,"column":4},"end":{"line":19,"column":5}},"4":{"start":{"line":16,"column":6},"end":{"line":16,"column":67}},"5":{"start":{"line":16,"column":46},"end":{"line":16,"column":62}},"6":{"start":{"line":18,"column":6},"end":{"line":18,"column":50}},"7":{"start":{"line":23,"column":4},"end":{"line":23,"column":47}},"8":{"start":{"line":27,"column":4},"end":{"line":27,"column":27}}},"fnMap":{"0":{"name":"(anonymous_0)","decl":{"start":{"line":10,"column":54},"end":{"line":10,"column":55}},"loc":{"start":{"line":10,"column":69},"end":{"line":29,"column":1}},"line":10},"1":{"name":"(anonymous_1)","decl":{"start":{"line":13,"column":18},"end":{"line":13,"column":19}},"loc":{"start":{"line":13,"column":41},"end":{"line":20,"column":3}},"line":13},"2":{"name":"(anonymous_2)","decl":{"start":{"line":16,"column":38},"end":{"line":16,"column":39}},"loc":{"start":{"line":16,"column":46},"end":{"line":16,"column":62}},"line":16},"3":{"name":"(anonymous_3)","decl":{"start":{"line":22,"column":14},"end":{"line":22,"column":15}},"loc":{"start":{"line":22,"column":37},"end":{"line":24,"column":3}},"line":22},"4":{"name":"(anonymous_4)","decl":{"start":{"line":26,"column":18},"end":{"line":26,"column":19}},"loc":{"start":{"line":26,"column":24},"end":{"line":28,"column":3}},"line":26}},"branchMap":{"0":{"loc":{"start":{"line":15,"column":4},"end":{"line":19,"column":5}},"type":"if","locations":[{"start":{"line":15,"column":4},"end":{"line":19,"column":5}},{"start":{"line":17,"column":11},"end":{"line":19,"column":5}}],"line":15}},"s":{"0":3,"1":3,"2":5,"3":5,"4":1,"5":1,"6":4,"7":17,"8":6},"f":{"0":3,"1":5,"2":1,"3":17,"4":6},"b":{"0":[1,4]},"_coverageSchema":"1a1c01bbd47fc00a2c39e90264f33305004495a9","hash":"c27cee242996d57b6163e9d46c948175ccc740b1"}
,"/Users/burak/Documents/Projects/SeturCartSim/src/theme/ThemeContext.tsx": {"path":"/Users/burak/Documents/Projects/SeturCartSim/src/theme/ThemeContext.tsx","statementMap":{"0":{"start":{"line":16,"column":21},"end":{"line":21,"column":2}},"1":{"start":{"line":23,"column":29},"end":{"line":69,"column":1}},"2":{"start":{"line":24,"column":41},"end":{"line":24,"column":69}},"3":{"start":{"line":25,"column":28},"end":{"line":25,"column":48}},"4":{"start":{"line":27,"column":21},"end":{"line":34,"column":3}},"5":{"start":{"line":28,"column":4},"end":{"line":33,"column":5}},"6":{"start":{"line":28,"column":26},"end":{"line":28,"column":47}},"7":{"start":{"line":29,"column":9},"end":{"line":33,"column":5}},"8":{"start":{"line":29,"column":30},"end":{"line":29,"column":50}},"9":{"start":{"line":31,"column":26},"end":{"line":31,"column":69}},"10":{"start":{"line":32,"column":6},"end":{"line":32,"column":64}},"11":{"start":{"line":36,"column":23},"end":{"line":40,"column":3}},"12":{"start":{"line":37,"column":4},"end":{"line":37,"column":50}},"13":{"start":{"line":38,"column":4},"end":{"line":38,"column":28}},"14":{"start":{"line":39,"column":4},"end":{"line":39,"column":21}},"15":{"start":{"line":42,"column":22},"end":{"line":45,"column":3}},"16":{"start":{"line":43,"column":21},"end":{"line":43,"column":61}},"17":{"start":{"line":44,"column":4},"end":{"line":44,"column":27}},"18":{"start":{"line":48,"column":2},"end":{"line":57,"column":9}},"19":{"start":{"line":49,"column":28},"end":{"line":55,"column":5}},"20":{"start":{"line":50,"column":25},"end":{"line":50,"column":64}},"21":{"start":{"line":51,"column":24},"end":{"line":51,"column":98}},"22":{"start":{"line":52,"column":30},"end":{"line":52,"column":77}},"23":{"start":{"line":53,"column":6},"end":{"line":53,"column":30}},"24":{"start":{"line":54,"column":6},"end":{"line":54,"column":23}},"25":{"start":{"line":56,"column":4},"end":{"line":56,"column":22}},"26":{"start":{"line":59,"column":2},"end":{"line":66,"column":18}},"27":{"start":{"line":60,"column":25},"end":{"line":64,"column":6}},"28":{"start":{"line":61,"column":6},"end":{"line":63,"column":7}},"29":{"start":{"line":62,"column":8},"end":{"line":62,"column":42}},"30":{"start":{"line":65,"column":4},"end":{"line":65,"column":39}},"31":{"start":{"line":65,"column":17},"end":{"line":65,"column":38}},"32":{"start":{"line":68,"column":2},"end":{"line":68,"column":123}},"33":{"start":{"line":71,"column":24},"end":{"line":71,"column":54}},"34":{"start":{"line":71,"column":30},"end":{"line":71,"column":54}}},"fnMap":{"0":{"name":"(anonymous_0)","decl":{"start":{"line":19,"column":15},"end":{"line":19,"column":16}},"loc":{"start":{"line":19,"column":21},"end":{"line":19,"column":23}},"line":19},"1":{"name":"(anonymous_1)","decl":{"start":{"line":20,"column":16},"end":{"line":20,"column":17}},"loc":{"start":{"line":20,"column":22},"end":{"line":20,"column":24}},"line":20},"2":{"name":"(anonymous_2)","decl":{"start":{"line":23,"column":29},"end":{"line":23,"column":30}},"loc":{"start":{"line":23,"column":78},"end":{"line":69,"column":1}},"line":23},"3":{"name":"(anonymous_3)","decl":{"start":{"line":27,"column":21},"end":{"line":27,"column":22}},"loc":{"start":{"line":27,"column":74},"end":{"line":34,"column":3}},"line":27},"4":{"name":"(anonymous_4)","decl":{"start":{"line":36,"column":23},"end":{"line":36,"column":24}},"loc":{"start":{"line":36,"column":50},"end":{"line":40,"column":3}},"line":36},"5":{"name":"(anonymous_5)","decl":{"start":{"line":42,"column":22},"end":{"line":42,"column":23}},"loc":{"start":{"line":42,"column":28},"end":{"line":45,"column":3}},"line":42},"6":{"name":"(anonymous_6)","decl":{"start":{"line":48,"column":12},"end":{"line":48,"column":13}},"loc":{"start":{"line":48,"column":18},"end":{"line":57,"column":3}},"line":48},"7":{"name":"(anonymous_7)","decl":{"start":{"line":49,"column":28},"end":{"line":49,"column":29}},"loc":{"start":{"line":49,"column":40},"end":{"line":55,"column":5}},"line":49},"8":{"name":"(anonymous_8)","decl":{"start":{"line":59,"column":12},"end":{"line":59,"column":13}},"loc":{"start":{"line":59,"column":18},"end":{"line":66,"column":3}},"line":59},"9":{"name":"(anonymous_9)","decl":{"start":{"line":60,"column":54},"end":{"line":60,"column":55}},"loc":{"start":{"line":60,"column":75},"end":{"line":64,"column":5}},"line":60},"10":{"name":"(anonymous_10)","decl":{"start":{"line":65,"column":11},"end":{"line":65,"column":12}},"loc":{"start":{"line":65,"column":17},"end":{"line":65,"column":38}},"line":65},"11":{"name":"(anonymous_11)","decl":{"start":{"line":71,"column":24},"end":{"line":71,"column":25}},"loc":{"start":{"line":71,"column":30},"end":{"line":71,"column":54}},"line":71}},"branchMap":{"0":{"loc":{"start":{"line":28,"column":4},"end":{"line":33,"column":5}},"type":"if","locations":[{"start":{"line":28,"column":4},"end":{"line":33,"column":5}},{"start":{"line":29,"column":9},"end":{"line":33,"column":5}}],"line":28},"1":{"loc":{"start":{"line":29,"column":9},"end":{"line":33,"column":5}},"type":"if","locations":[{"start":{"line":29,"column":9},"end":{"line":33,"column":5}},{"start":{"line":30,"column":9},"end":{"line":33,"column":5}}],"line":29},"2":{"loc":{"start":{"line":31,"column":26},"end":{"line":31,"column":69}},"type":"binary-expr","locations":[{"start":{"line":31,"column":26},"end":{"line":31,"column":38}},{"start":{"line":31,"column":42},"end":{"line":31,"column":69}}],"line":31},"3":{"loc":{"start":{"line":32,"column":15},"end":{"line":32,"column":62}},"type":"cond-expr","locations":[{"start":{"line":32,"column":40},"end":{"line":32,"column":49}},{"start":{"line":32,"column":52},"end":{"line":32,"column":62}}],"line":32},"4":{"loc":{"start":{"line":43,"column":21},"end":{"line":43,"column":61}},"type":"cond-expr","locations":[{"start":{"line":43,"column":45},"end":{"line":43,"column":51}},{"start":{"line":43,"column":54},"end":{"line":43,"column":61}}],"line":43},"5":{"loc":{"start":{"line":51,"column":24},"end":{"line":51,"column":98}},"type":"binary-expr","locations":[{"start":{"line":51,"column":24},"end":{"line":51,"column":45}},{"start":{"line":51,"column":49},"end":{"line":51,"column":71}},{"start":{"line":51,"column":75},"end":{"line":51,"column":98}}],"line":51},"6":{"loc":{"start":{"line":52,"column":30},"end":{"line":52,"column":77}},"type":"cond-expr","locations":[{"start":{"line":52,"column":43},"end":{"line":52,"column":66}},{"start":{"line":52,"column":70},"end":{"line":52,"column":77}}],"line":52},"7":{"loc":{"start":{"line":61,"column":6},"end":{"line":63,"column":7}},"type":"if","locations":[{"start":{"line":61,"column":6},"end":{"line":63,"column":7}},{"start":{},"end":{}}],"line":61}},"s":{"0":6,"1":6,"2":17,"3":17,"4":17,"5":17,"6":14,"7":3,"8":2,"9":1,"10":1,"11":17,"12":4,"13":4,"14":4,"15":17,"16":2,"17":2,"18":17,"19":13,"20":13,"21":13,"22":13,"23":13,"24":13,"25":13,"26":17,"27":17,"28":0,"29":0,"30":17,"31":17,"32":17,"33":6,"34":40},"f":{"0":0,"1":0,"2":17,"3":17,"4":4,"5":2,"6":13,"7":13,"8":17,"9":0,"10":17,"11":40},"b":{"0":[14,3],"1":[2,1],"2":[1,1],"3":[1,0],"4":[1,1],"5":[13,13,13],"6":[0,13],"7":[0,0]},"_coverageSchema":"1a1c01bbd47fc00a2c39e90264f33305004495a9","hash":"24642cc457abef95ead37384c1325f60d13d745f"}
,"/Users/burak/Documents/Projects/SeturCartSim/src/theme/dark.ts": {"path":"/Users/burak/Documents/Projects/SeturCartSim/src/theme/dark.ts","statementMap":{"0":{"start":{"line":1,"column":25},"end":{"line":12,"column":1}}},"fnMap":{},"branchMap":{},"s":{"0":6},"f":{},"b":{},"_coverageSchema":"1a1c01bbd47fc00a2c39e90264f33305004495a9","hash":"64994ea5ff8f83091d1c8d380a3e8faa5f643d02"}
,"/Users/burak/Documents/Projects/SeturCartSim/src/theme/light.ts": {"path":"/Users/burak/Documents/Projects/SeturCartSim/src/theme/light.ts","statementMap":{"0":{"start":{"line":1,"column":26},"end":{"line":12,"column":1}}},"fnMap":{},"branchMap":{},"s":{"0":6},"f":{},"b":{},"_coverageSchema":"1a1c01bbd47fc00a2c39e90264f33305004495a9","hash":"3679e8dfc98125ea048e0092ab718a63a9bf4da9"}
,"/Users/burak/Documents/Projects/SeturCartSim/src/types/Card.ts": {"path":"/Users/burak/Documents/Projects/SeturCartSim/src/types/Card.ts","statementMap":{},"fnMap":{},"branchMap":{},"s":{},"f":{},"b":{}}
,"/Users/burak/Documents/Projects/SeturCartSim/src/types/Category.ts": {"path":"/Users/burak/Documents/Projects/SeturCartSim/src/types/Category.ts","statementMap":{},"fnMap":{},"branchMap":{},"s":{},"f":{},"b":{}}
,"/Users/burak/Documents/Projects/SeturCartSim/src/types/Product.ts": {"path":"/Users/burak/Documents/Projects/SeturCartSim/src/types/Product.ts","statementMap":{},"fnMap":{},"branchMap":{},"s":{},"f":{},"b":{}}
,"/Users/burak/Documents/Projects/SeturCartSim/src/types/index.ts": {"path":"/Users/burak/Documents/Projects/SeturCartSim/src/types/index.ts","statementMap":{},"fnMap":{},"branchMap":{},"s":{},"f":{},"b":{}}
}
