TN:
SF:src/App.tsx
FN:29,App
FNF:1
FNH:0
FNDA:0,App
DA:27,0
DA:30,0
DA:41,0
DA:42,0
DA:44,0
LF:5
LH:0
BRDA:41,0,0,0
BRDA:41,0,1,0
BRF:2
BRH:0
end_of_record
TN:
SF:src/api/api.ts
FN:10,(anonymous_0)
FN:27,(anonymous_1)
FN:36,(anonymous_2)
FNF:3
FNH:0
FNDA:0,(anonymous_0)
FNDA:0,(anonymous_1)
FNDA:0,(anonymous_2)
DA:3,2
DA:5,2
DA:10,2
DA:11,0
DA:12,0
DA:13,0
DA:14,0
DA:15,0
DA:16,0
DA:18,0
DA:20,0
DA:21,0
DA:23,0
DA:27,2
DA:28,0
DA:29,0
DA:30,0
DA:32,0
DA:36,2
DA:37,0
DA:38,0
DA:39,0
DA:41,0
LF:23
LH:5
BRDA:13,0,0,0
BRDA:13,0,1,0
BRDA:13,1,0,0
BRDA:13,1,1,0
BRDA:15,2,0,0
BRDA:15,2,1,0
BRDA:15,3,0,0
BRDA:15,3,1,0
BRF:8
BRH:0
end_of_record
TN:
SF:src/components/CartItem/CartItem.styles.ts
FNF:0
FNH:0
DA:3,2
LF:1
LH:1
BRF:0
BRH:0
end_of_record
TN:
SF:src/components/CartItem/CartItem.tsx
FN:18,(anonymous_0)
FN:23,(anonymous_1)
FN:28,(anonymous_2)
FN:35,(anonymous_3)
FN:39,(anonymous_4)
FN:42,(anonymous_5)
FNF:6
FNH:5
FNDA:12,(anonymous_0)
FNDA:1,(anonymous_1)
FNDA:0,(anonymous_2)
FNDA:1,(anonymous_3)
FNDA:1,(anonymous_4)
FNDA:1,(anonymous_5)
DA:18,2
DA:19,12
DA:20,12
DA:21,12
DA:23,1
DA:28,0
DA:35,1
DA:39,1
DA:42,1
LF:9
LH:8
BRDA:24,0,0,12
BRDA:24,0,1,12
BRF:2
BRH:2
end_of_record
TN:
SF:src/components/LottieView/LottieViewAnimation.styles.ts
FNF:0
FNH:0
DA:4,0
LF:1
LH:0
BRF:0
BRH:0
end_of_record
TN:
SF:src/components/LottieView/LottieViewAnimation.tsx
FN:14,(anonymous_0)
FN:16,(anonymous_1)
FN:37,(anonymous_2)
FNF:3
FNH:3
FNDA:12,(anonymous_0)
FNDA:8,(anonymous_1)
FNDA:2,(anonymous_2)
DA:14,2
DA:15,12
DA:16,12
DA:17,8
DA:18,2
DA:21,12
DA:22,2
DA:37,2
DA:38,2
DA:40,1
DA:42,1
DA:44,0
DA:48,2
LF:13
LH:12
BRDA:14,0,0,2
BRDA:17,1,0,2
BRDA:17,1,1,6
BRDA:21,2,0,10
BRDA:21,2,1,2
BRDA:38,3,0,1
BRDA:38,3,1,1
BRDA:38,3,2,0
BRF:8
BRH:7
end_of_record
TN:
SF:src/components/ProductCard/ProductCard.styles.ts
FNF:0
FNH:0
DA:3,2
LF:1
LH:1
BRF:0
BRH:0
end_of_record
TN:
SF:src/components/ProductCard/ProductCard.tsx
FN:17,(anonymous_0)
FN:25,(anonymous_1)
FN:26,(anonymous_2)
FNF:3
FNH:2
FNDA:16,(anonymous_0)
FNDA:0,(anonymous_1)
FNDA:1,(anonymous_2)
DA:17,2
DA:18,16
DA:19,16
DA:20,16
DA:21,16
DA:25,0
DA:26,1
LF:7
LH:6
BRDA:24,0,0,16
BRDA:24,0,1,16
BRDA:27,1,0,1
BRDA:27,1,1,15
BRF:4
BRH:4
end_of_record
TN:
SF:src/components/ProductNotFound/ProductNotFound.styles.ts
FNF:0
FNH:0
DA:3,2
LF:1
LH:1
BRF:0
BRH:0
end_of_record
TN:
SF:src/components/ProductNotFound/ProductNotFound.tsx
FN:10,(anonymous_0)
FNF:1
FNH:1
FNDA:3,(anonymous_0)
DA:10,2
DA:11,3
DA:13,3
LF:3
LH:3
BRF:0
BRH:0
end_of_record
TN:
SF:src/components/SearchInput/SearchInput.styles.ts
FNF:0
FNH:0
DA:3,2
LF:1
LH:1
BRF:0
BRH:0
end_of_record
TN:
SF:src/components/SearchInput/SearchInput.tsx
FN:12,SearchInput
FNF:1
FNH:1
FNDA:19,SearchInput
DA:13,19
DA:14,19
LF:2
LH:2
BRDA:12,0,0,2
BRF:1
BRH:1
end_of_record
TN:
SF:src/data/category.ts
FNF:0
FNH:0
DA:2,2
DA:30,2
LF:2
LH:2
BRF:0
BRH:0
end_of_record
TN:
SF:src/screens/CartScreen/CartScreen.styles.ts
FNF:0
FNH:0
DA:3,1
LF:1
LH:1
BRDA:9,0,0,1
BRDA:9,0,1,0
BRF:2
BRH:1
end_of_record
TN:
SF:src/screens/CartScreen/CartScreen.tsx
FN:13,(anonymous_0)
FN:20,(anonymous_1)
FN:21,(anonymous_2)
FN:21,(anonymous_3)
FN:24,(anonymous_4)
FN:28,(anonymous_5)
FN:32,(anonymous_6)
FN:33,(anonymous_7)
FN:45,(anonymous_8)
FN:54,(anonymous_9)
FN:56,(anonymous_10)
FN:73,(anonymous_11)
FN:83,(anonymous_12)
FN:93,(anonymous_13)
FN:105,(anonymous_14)
FN:116,(anonymous_15)
FN:127,(anonymous_16)
FN:157,(anonymous_17)
FNF:18
FNH:11
FNDA:10,(anonymous_0)
FNDA:0,(anonymous_1)
FNDA:0,(anonymous_2)
FNDA:0,(anonymous_3)
FNDA:3,(anonymous_4)
FNDA:2,(anonymous_5)
FNDA:7,(anonymous_6)
FNDA:1,(anonymous_7)
FNDA:1,(anonymous_8)
FNDA:1,(anonymous_9)
FNDA:1,(anonymous_10)
FNDA:0,(anonymous_11)
FNDA:0,(anonymous_12)
FNDA:0,(anonymous_13)
FNDA:11,(anonymous_14)
FNDA:1,(anonymous_15)
FNDA:7,(anonymous_16)
FNDA:0,(anonymous_17)
DA:13,1
DA:14,10
DA:15,10
DA:16,10
DA:17,10
DA:18,10
DA:20,10
DA:21,0
DA:24,10
DA:25,3
DA:26,1
DA:28,2
DA:32,10
DA:33,10
DA:34,1
DA:35,1
DA:42,1
DA:45,10
DA:46,1
DA:55,1
DA:56,1
DA:58,0
DA:67,10
DA:73,0
DA:83,0
DA:93,0
DA:105,11
DA:116,1
DA:128,7
DA:129,7
DA:157,0
LF:31
LH:25
BRDA:21,0,0,0
BRDA:21,0,1,0
BRDA:25,1,0,1
BRDA:25,1,1,2
BRDA:55,2,0,1
BRDA:55,2,1,0
BRDA:71,3,0,10
BRDA:71,3,1,10
BRDA:108,4,0,10
BRDA:108,4,1,7
BRDA:115,5,0,10
BRDA:115,5,1,3
BRF:12
BRH:9
end_of_record
TN:
SF:src/screens/ProductDetailScreen/ProductDetailScreen.styles.ts
FNF:0
FNH:0
DA:3,1
DA:5,1
LF:2
LH:2
BRF:0
BRH:0
end_of_record
TN:
SF:src/screens/ProductDetailScreen/ProductDetailScreen.tsx
FN:33,(anonymous_0)
FN:45,(anonymous_1)
FN:55,(anonymous_2)
FN:65,(anonymous_3)
FN:69,(anonymous_4)
FN:74,(anonymous_5)
FN:97,(anonymous_6)
FN:106,(anonymous_7)
FN:113,(anonymous_8)
FN:133,(anonymous_9)
FN:139,(anonymous_10)
FN:139,(anonymous_11)
FN:143,(anonymous_12)
FNF:13
FNH:9
FNDA:12,(anonymous_0)
FNDA:1,(anonymous_1)
FNDA:6,(anonymous_2)
FNDA:6,(anonymous_3)
FNDA:0,(anonymous_4)
FNDA:1,(anonymous_5)
FNDA:0,(anonymous_6)
FNDA:1,(anonymous_7)
FNDA:0,(anonymous_8)
FNDA:9,(anonymous_9)
FNDA:5,(anonymous_10)
FNDA:0,(anonymous_11)
FNDA:5,(anonymous_12)
DA:29,1
DA:33,1
DA:34,12
DA:35,12
DA:36,12
DA:37,12
DA:38,12
DA:39,12
DA:40,12
DA:41,12
DA:42,12
DA:43,12
DA:45,12
DA:46,1
DA:47,1
DA:51,0
DA:55,12
DA:56,6
DA:57,6
DA:58,4
DA:60,1
DA:62,5
DA:65,12
DA:66,6
DA:69,12
DA:70,0
DA:71,0
DA:74,12
DA:75,1
DA:76,1
DA:77,1
DA:86,12
DA:87,6
DA:94,6
DA:95,1
DA:97,0
DA:102,5
DA:106,1
DA:113,0
DA:133,9
DA:139,5
DA:144,5
LF:42
LH:37
BRDA:75,0,0,1
BRDA:75,0,1,0
BRDA:86,1,0,6
BRDA:86,1,1,6
BRDA:94,2,0,1
BRDA:94,2,1,5
BRDA:105,3,0,5
BRDA:105,3,1,0
BRDA:114,4,0,0
BRDA:114,4,1,5
BRDA:124,5,0,5
BRDA:124,5,1,5
BRDA:144,6,0,5
BRDA:144,6,1,0
BRDA:192,7,0,0
BRDA:192,7,1,5
BRDA:196,8,0,5
BRDA:196,8,1,0
BRF:18
BRH:12
end_of_record
TN:
SF:src/screens/ProductListScreen/ProductListScreen.styles.ts
FNF:0
FNH:0
DA:3,1
LF:1
LH:1
BRF:0
BRH:0
end_of_record
TN:
SF:src/screens/ProductListScreen/ProductListScreen.tsx
FN:18,(anonymous_0)
FN:34,(anonymous_1)
FN:39,(anonymous_2)
FN:40,(anonymous_3)
FN:55,(anonymous_4)
FN:72,(anonymous_5)
FN:75,(anonymous_6)
FN:86,(anonymous_7)
FN:91,(anonymous_8)
FN:101,(anonymous_9)
FN:102,(anonymous_10)
FN:105,(anonymous_11)
FN:110,(anonymous_12)
FN:129,(anonymous_13)
FN:151,(anonymous_14)
FN:154,(anonymous_15)
FN:169,(anonymous_16)
FN:183,(anonymous_17)
FN:189,(anonymous_18)
FN:190,(anonymous_19)
FN:194,(anonymous_20)
FN:197,(anonymous_21)
FNF:22
FNH:17
FNDA:20,(anonymous_0)
FNDA:20,(anonymous_1)
FNDA:15,(anonymous_2)
FNDA:15,(anonymous_3)
FNDA:5,(anonymous_4)
FNDA:10,(anonymous_5)
FNDA:0,(anonymous_6)
FNDA:5,(anonymous_7)
FNDA:10,(anonymous_8)
FNDA:5,(anonymous_9)
FNDA:0,(anonymous_10)
FNDA:5,(anonymous_11)
FNDA:5,(anonymous_12)
FNDA:1,(anonymous_13)
FNDA:10,(anonymous_14)
FNDA:0,(anonymous_15)
FNDA:15,(anonymous_16)
FNDA:10,(anonymous_17)
FNDA:1,(anonymous_18)
FNDA:0,(anonymous_19)
FNDA:20,(anonymous_20)
FNDA:0,(anonymous_21)
DA:16,1
DA:18,1
DA:19,20
DA:20,20
DA:21,20
DA:22,20
DA:23,20
DA:24,20
DA:29,20
DA:30,20
DA:31,20
DA:32,20
DA:34,20
DA:35,20
DA:36,15
DA:37,15
DA:38,15
DA:39,15
DA:40,15
DA:41,15
DA:43,0
DA:50,0
DA:52,15
DA:55,20
DA:56,5
DA:57,5
DA:58,5
DA:59,5
DA:61,0
DA:69,5
DA:72,20
DA:73,10
DA:75,20
DA:76,0
DA:77,0
DA:78,0
DA:86,20
DA:87,5
DA:88,5
DA:91,20
DA:92,10
DA:93,10
DA:94,10
DA:95,10
DA:98,20
DA:101,20
DA:102,5
DA:103,0
DA:105,5
DA:106,5
DA:110,20
DA:111,5
DA:112,5
DA:116,20
DA:129,1
DA:152,10
DA:154,0
DA:169,15
DA:184,10
DA:189,1
DA:190,0
DA:194,20
DA:197,0
LF:63
LH:53
BRDA:35,0,0,5
BRDA:35,0,1,15
BRDA:35,1,0,20
BRDA:35,1,1,15
BRDA:39,2,0,15
BRDA:39,2,1,0
BRDA:41,3,0,15
BRDA:41,3,1,0
BRDA:76,4,0,0
BRDA:76,4,1,0
BRDA:133,5,0,20
BRDA:133,5,1,20
BRDA:158,6,0,5
BRDA:158,6,1,5
BRDA:162,7,0,5
BRDA:162,7,1,5
BRDA:199,8,0,10
BRDA:199,8,1,10
BRF:18
BRH:14
end_of_record
TN:
SF:src/store/CardStore.ts
FN:13,(anonymous_0)
FN:16,(anonymous_1)
FN:18,(anonymous_2)
FN:29,(anonymous_3)
FN:31,(anonymous_4)
FN:40,(anonymous_5)
FN:44,(anonymous_6)
FN:45,(anonymous_7)
FN:47,(anonymous_8)
FN:48,(anonymous_9)
FN:52,(anonymous_10)
FNF:11
FNH:11
FNDA:4,(anonymous_0)
FNDA:14,(anonymous_1)
FNDA:3,(anonymous_2)
FNDA:2,(anonymous_3)
FNDA:2,(anonymous_4)
FNDA:1,(anonymous_5)
FNDA:1,(anonymous_6)
FNDA:1,(anonymous_7)
FNDA:2,(anonymous_8)
FNDA:2,(anonymous_9)
FNDA:14,(anonymous_10)
DA:13,4
DA:17,14
DA:18,14
DA:20,14
DA:21,3
DA:22,3
DA:23,3
DA:25,11
DA:30,2
DA:31,2
DA:33,2
DA:34,2
DA:35,2
DA:36,1
DA:37,1
DA:40,1
DA:45,1
DA:48,2
DA:49,2
DA:53,14
LF:20
LH:20
BRDA:20,0,0,3
BRDA:20,0,1,11
BRDA:22,1,0,3
BRDA:22,1,1,0
BRDA:33,2,0,2
BRDA:33,2,1,0
BRDA:35,3,0,1
BRDA:35,3,1,1
BRDA:35,4,0,2
BRDA:35,4,1,2
BRF:10
BRH:8
end_of_record
TN:
SF:src/store/FavoriteStore.ts
FN:10,(anonymous_0)
FN:13,(anonymous_1)
FN:16,(anonymous_2)
FN:22,(anonymous_3)
FN:26,(anonymous_4)
FNF:5
FNH:5
FNDA:3,(anonymous_0)
FNDA:5,(anonymous_1)
FNDA:1,(anonymous_2)
FNDA:17,(anonymous_3)
FNDA:6,(anonymous_4)
DA:10,3
DA:14,5
DA:15,5
DA:16,1
DA:18,4
DA:23,17
DA:27,6
LF:7
LH:7
BRDA:15,0,0,1
BRDA:15,0,1,4
BRF:2
BRH:2
end_of_record
TN:
SF:src/theme/ThemeContext.tsx
FN:19,(anonymous_0)
FN:20,(anonymous_1)
FN:23,(anonymous_2)
FN:27,(anonymous_3)
FN:36,(anonymous_4)
FN:42,(anonymous_5)
FN:48,(anonymous_6)
FN:49,(anonymous_7)
FN:59,(anonymous_8)
FN:60,(anonymous_9)
FN:65,(anonymous_10)
FN:71,(anonymous_11)
FNF:12
FNH:9
FNDA:0,(anonymous_0)
FNDA:0,(anonymous_1)
FNDA:17,(anonymous_2)
FNDA:17,(anonymous_3)
FNDA:4,(anonymous_4)
FNDA:2,(anonymous_5)
FNDA:13,(anonymous_6)
FNDA:13,(anonymous_7)
FNDA:17,(anonymous_8)
FNDA:0,(anonymous_9)
FNDA:17,(anonymous_10)
FNDA:40,(anonymous_11)
DA:16,6
DA:23,6
DA:24,17
DA:25,17
DA:27,17
DA:28,17
DA:29,3
DA:31,1
DA:32,1
DA:36,17
DA:37,4
DA:38,4
DA:39,4
DA:42,17
DA:43,2
DA:44,2
DA:48,17
DA:49,13
DA:50,13
DA:51,13
DA:52,13
DA:53,13
DA:54,13
DA:56,13
DA:59,17
DA:60,17
DA:61,0
DA:62,0
DA:65,17
DA:68,17
DA:71,40
LF:31
LH:29
BRDA:28,0,0,14
BRDA:28,0,1,3
BRDA:29,1,0,2
BRDA:29,1,1,1
BRDA:31,2,0,1
BRDA:31,2,1,1
BRDA:32,3,0,1
BRDA:32,3,1,0
BRDA:43,4,0,1
BRDA:43,4,1,1
BRDA:51,5,0,13
BRDA:51,5,1,13
BRDA:51,5,2,13
BRDA:52,6,0,0
BRDA:52,6,1,13
BRDA:61,7,0,0
BRDA:61,7,1,0
BRF:17
BRH:13
end_of_record
TN:
SF:src/theme/dark.ts
FNF:0
FNH:0
DA:1,6
LF:1
LH:1
BRF:0
BRH:0
end_of_record
TN:
SF:src/theme/light.ts
FNF:0
FNH:0
DA:1,6
LF:1
LH:1
BRF:0
BRH:0
end_of_record
TN:
SF:src/types/Card.ts
FNF:0
FNH:0
LF:0
LH:0
BRF:0
BRH:0
end_of_record
TN:
SF:src/types/Category.ts
FNF:0
FNH:0
LF:0
LH:0
BRF:0
BRH:0
end_of_record
TN:
SF:src/types/Product.ts
FNF:0
FNH:0
LF:0
LH:0
BRF:0
BRH:0
end_of_record
TN:
SF:src/types/index.ts
FNF:0
FNH:0
LF:0
LH:0
BRF:0
BRH:0
end_of_record
